[debug] [2024-10-15T13:26:20.646Z] ----------------------------------------------------------------------
[debug] [2024-10-15T13:26:20.651Z] Command:       C:\Program Files\nodejs\node.exe C:\Users\Dishant\AppData\Roaming\nvm\node_modules\firebase-tools\lib\bin\firebase.js init
[debug] [2024-10-15T13:26:20.652Z] CLI Version:   13.22.0
[debug] [2024-10-15T13:26:20.652Z] Platform:      win32
[debug] [2024-10-15T13:26:20.652Z] Node Version:  v20.2.0
[debug] [2024-10-15T13:26:20.652Z] Time:          Tue Oct 15 2024 18:56:20 GMT+0530 (India Standard Time)
[debug] [2024-10-15T13:26:20.653Z] ----------------------------------------------------------------------
[debug] 
[debug] [2024-10-15T13:26:20.671Z] > command requires scopes: ["email","openid","https://www.googleapis.com/auth/cloudplatformprojects.readonly","https://www.googleapis.com/auth/firebase","https://www.googleapis.com/auth/cloud-platform"]
[debug] [2024-10-15T13:26:20.672Z] > authorizing via signed-in user (dishantshah3133@gmail.com)
[info] 
     ######## #### ########  ######## ########     ###     ######  ########
     ##        ##  ##     ## ##       ##     ##  ##   ##  ##       ##
     ######    ##  ########  ######   ########  #########  ######  ######
     ##        ##  ##    ##  ##       ##     ## ##     ##       ## ##
     ##       #### ##     ## ######## ########  ##     ##  ######  ########

You're about to initialize a Firebase project in this directory:

  C:\Users\Dishant\Desktop\Semester 7\BDA\mini_project\Backend

[info] 
=== Project Setup
[info] 
[info] First, let's associate this project directory with a Firebase project.
[info] You can create multiple project aliases by running firebase use --add, 
[info] but for now we'll just set up a default project.
[info] 
[debug] [2024-10-15T13:26:29.049Z] Checked if tokens are valid: true, expires at: 1729002359825
[debug] [2024-10-15T13:26:29.049Z] Checked if tokens are valid: true, expires at: 1729002359825
[debug] [2024-10-15T13:26:29.053Z] >>> [apiv2][query] GET https://firebase.googleapis.com/v1beta1/projects pageSize=100
[debug] [2024-10-15T13:26:30.522Z] <<< [apiv2][status] GET https://firebase.googleapis.com/v1beta1/projects 200
[debug] [2024-10-15T13:26:30.522Z] <<< [apiv2][body] GET https://firebase.googleapis.com/v1beta1/projects [omitted]
[info] i  Using project currency-convertor-31 (currency-convertor) 
[info] 
=== Hosting Setup
[debug] [2024-10-15T13:26:45.903Z] Checked if tokens are valid: true, expires at: 1729002359825
[debug] [2024-10-15T13:26:45.904Z] Checked if tokens are valid: true, expires at: 1729002359825
[debug] [2024-10-15T13:26:45.904Z] >>> [apiv2][query] GET https://firebase.googleapis.com/v1beta1/projects/currency-convertor-31 [none]
[debug] [2024-10-15T13:26:46.990Z] <<< [apiv2][status] GET https://firebase.googleapis.com/v1beta1/projects/currency-convertor-31 200
[debug] [2024-10-15T13:26:46.991Z] <<< [apiv2][body] GET https://firebase.googleapis.com/v1beta1/projects/currency-convertor-31 {"projectId":"currency-convertor-31","projectNumber":"1098095115976","displayName":"currency-convertor","name":"projects/currency-convertor-31","resources":{"hostingSite":"currency-convertor-31"},"state":"ACTIVE","etag":"1_83adb08a-026c-4d4f-ae51-3fe4144e95df"}
[info] 
[info] Your public directory is the folder (relative to your project directory) that
[info] will contain Hosting assets to be uploaded with firebase deploy. If you
[info] have a build process for your assets, use your build's output directory.
[info] 
